[debug] [2018-05-24T06:17:17.154Z] ----------------------------------------------------------------------
[debug] [2018-05-24T06:17:17.156Z] Command:       /usr/local/bin/node /usr/local/bin/firebase serve
[debug] [2018-05-24T06:17:17.156Z] CLI Version:   3.17.4
[debug] [2018-05-24T06:17:17.156Z] Platform:      darwin
[debug] [2018-05-24T06:17:17.156Z] Node Version:  v8.9.4
[debug] [2018-05-24T06:17:17.156Z] Time:          Thu May 24 2018 15:17:17 GMT+0900 (KST)
[debug] [2018-05-24T06:17:17.156Z] ----------------------------------------------------------------------
[debug] 
[debug] [2018-05-24T06:17:17.177Z] > command requires scopes: ["email","openid","https://www.googleapis.com/auth/cloudplatformprojects.readonly","https://www.googleapis.com/auth/firebase","https://www.googleapis.com/auth/cloud-platform"]
[debug] [2018-05-24T06:17:17.177Z] > authorizing via signed-in user
[debug] [2018-05-24T06:17:17.180Z] > refreshing access token with scopes: ["email","https://www.googleapis.com/auth/cloud-platform","https://www.googleapis.com/auth/cloudplatformprojects.readonly","https://www.googleapis.com/auth/firebase","openid"]
[debug] [2018-05-24T06:17:17.180Z] >>> HTTP REQUEST POST https://www.googleapis.com/oauth2/v3/token  
 { refresh_token: '1/S572JU3IuHuE7XLN7lIfJsgeyHMSh3izIi1njmy4yAeGAuwowRsTibKNy6vUFQa6',
  client_id: '563584335869-fgrhgmd47bqnekij5i8b5pr03ho849e6.apps.googleusercontent.com',
  client_secret: 'j9iVZfS8kkCEFUPaAeJV0sAi',
  grant_type: 'refresh_token',
  scope: 'email https://www.googleapis.com/auth/cloud-platform https://www.googleapis.com/auth/cloudplatformprojects.readonly https://www.googleapis.com/auth/firebase openid' } 
 Thu May 24 2018 15:17:17 GMT+0900 (KST)
[debug] [2018-05-24T06:17:17.509Z] <<< HTTP RESPONSE 200
[debug] [2018-05-24T06:17:17.519Z] >>> HTTP REQUEST GET https://admin.firebase.com/v1/projects/thanksmemo-19012  
  
 Thu May 24 2018 15:17:17 GMT+0900 (KST)
[debug] [2018-05-24T06:17:18.585Z] <<< HTTP RESPONSE 200
[debug] [2018-05-24T06:17:18.585Z] >>> HTTP REQUEST GET https://admin.firebase.com/v1/database/thanksmemo-19012/tokens  
  
 Thu May 24 2018 15:17:18 GMT+0900 (KST)
[debug] [2018-05-24T06:17:19.381Z] <<< HTTP RESPONSE 200
[info] 
[info] === Serving from '/Users/macbookpro/Desktop/my/JooBoApp'...
[info] 
[debug] [2018-05-24T06:17:19.383Z] >>> HTTP REQUEST GET https://cloudresourcemanager.googleapis.com/v1/projects/thanksmemo-19012  
  
 Thu May 24 2018 15:17:19 GMT+0900 (KST)
[debug] [2018-05-24T06:17:20.461Z] <<< HTTP RESPONSE 200
[debug] [2018-05-24T06:17:20.461Z] >>> HTTP REQUEST GET https://mobilesdk-pa.googleapis.com/v1/projects/482108959359/clients/_:getWebAppConfig  
  
 Thu May 24 2018 15:17:20 GMT+0900 (KST)
[debug] [2018-05-24T06:17:21.253Z] <<< HTTP RESPONSE 200
[info] i  hosting: Serving hosting files from: public
[info] ✔  hosting: Local server: http://localhost:5000

